<?xml version="1.0" encoding="UTF-8"?>
<testng-results ignored="0" total="1" passed="1" failed="0" skipped="0">
  <reporter-output>
  </reporter-output>
  <suite started-at="2022-09-26T02:33:25 IST" name="Default suite" finished-at="2022-09-26T02:34:11 IST" duration-ms="45834">
    <groups>
    </groups>
    <test started-at="2022-09-26T02:33:25 IST" name="Default test" finished-at="2022-09-26T02:34:11 IST" duration-ms="45834">
      <class name="GridTestPOM.pom2">
        <test-method signature="test2()[pri:0, instance:GridTestPOM.pom2@3bf9ce3e]" started-at="2022-09-26T02:33:25 IST" name="test2" finished-at="2022-09-26T02:34:11 IST" duration-ms="45774" status="PASS">
          <reporter-output>
          </reporter-output>
        </test-method> <!-- test2 -->
      </class> <!-- GridTestPOM.pom2 -->
    </test> <!-- Default test -->
  </suite> <!-- Default suite -->
</testng-results>
